<?xml version="1.0" encoding="UTF-8"?>
<testsuite xmlns:xsi="http://www.w3.org/2001/XMLSchema-instance" xsi:noNamespaceSchemaLocation="https://maven.apache.org/surefire/maven-surefire-plugin/xsd/surefire-test-report.xsd" name="edu.bd.mavenapps.AppTest" time="0.036" tests="1" errors="0" skipped="0" failures="0">
  <properties>
    <property name="java.specification.version" value="17"/>
    <property name="sun.cpu.isalist" value="amd64"/>
    <property name="sun.jnu.encoding" value="Cp1252"/>
    <property name="java.class.path" value="E:\GIT\Notes\JAVA\17_JSON\JSON_Object\JSONObject\jsonconverter\target\test-classes;E:\GIT\Notes\JAVA\17_JSON\JSON_Object\JSONObject\jsonconverter\target\classes;C:\Users\pierr\.m2\repository\junit\junit\4.11\junit-4.11.jar;C:\Users\pierr\.m2\repository\org\hamcrest\hamcrest-core\1.3\hamcrest-core-1.3.jar;C:\Users\pierr\.m2\repository\com\google\code\gson\gson\2.8.6\gson-2.8.6.jar;"/>
    <property name="java.vm.vendor" value="Oracle Corporation"/>
    <property name="sun.arch.data.model" value="64"/>
    <property name="user.variant" value=""/>
    <property name="java.vendor.url" value="https://java.oracle.com/"/>
    <property name="user.timezone" value="Europe/Paris"/>
    <property name="os.name" value="Windows 10"/>
    <property name="java.vm.specification.version" value="17"/>
    <property name="sun.java.launcher" value="SUN_STANDARD"/>
    <property name="user.country" value="FR"/>
    <property name="sun.boot.library.path" value="E:\Program Files\Java\jdk-17\bin"/>
    <property name="sun.java.command" value="C:\Users\pierr\AppData\Local\Temp\surefire5147960129947833853\surefirebooter6528656210756376898.jar C:\Users\pierr\AppData\Local\Temp\surefire5147960129947833853 2021-10-12T14-43-37_135-jvmRun1 surefire10647114331989055810tmp surefire_03674509978265588292tmp"/>
    <property name="jdk.debug" value="release"/>
    <property name="surefire.test.class.path" value="E:\GIT\Notes\JAVA\17_JSON\JSON_Object\JSONObject\jsonconverter\target\test-classes;E:\GIT\Notes\JAVA\17_JSON\JSON_Object\JSONObject\jsonconverter\target\classes;C:\Users\pierr\.m2\repository\junit\junit\4.11\junit-4.11.jar;C:\Users\pierr\.m2\repository\org\hamcrest\hamcrest-core\1.3\hamcrest-core-1.3.jar;C:\Users\pierr\.m2\repository\com\google\code\gson\gson\2.8.6\gson-2.8.6.jar;"/>
    <property name="sun.cpu.endian" value="little"/>
    <property name="user.home" value="C:\Users\pierr"/>
    <property name="user.language" value="fr"/>
    <property name="java.specification.vendor" value="Oracle Corporation"/>
    <property name="java.version.date" value="2021-09-14"/>
    <property name="java.home" value="E:\Program Files\Java\jdk-17"/>
    <property name="file.separator" value="\"/>
    <property name="basedir" value="E:\GIT\Notes\JAVA\17_JSON\JSON_Object\JSONObject\jsonconverter"/>
    <property name="java.vm.compressedOopsMode" value="Zero based"/>
    <property name="line.separator" value="&#10;"/>
    <property name="java.vm.specification.vendor" value="Oracle Corporation"/>
    <property name="java.specification.name" value="Java Platform API Specification"/>
    <property name="surefire.real.class.path" value="C:\Users\pierr\AppData\Local\Temp\surefire5147960129947833853\surefirebooter6528656210756376898.jar"/>
    <property name="user.script" value=""/>
    <property name="sun.management.compiler" value="HotSpot 64-Bit Tiered Compilers"/>
    <property name="java.runtime.version" value="17+35-LTS-2724"/>
    <property name="user.name" value="pierr"/>
    <property name="path.separator" value=";"/>
    <property name="os.version" value="10.0"/>
    <property name="java.runtime.name" value="Java(TM) SE Runtime Environment"/>
    <property name="file.encoding" value="Cp1252"/>
    <property name="java.vm.name" value="Java HotSpot(TM) 64-Bit Server VM"/>
    <property name="localRepository" value="C:\Users\pierr\.m2\repository"/>
    <property name="java.vendor.url.bug" value="https://bugreport.java.com/bugreport/"/>
    <property name="java.io.tmpdir" value="C:\Users\pierr\AppData\Local\Temp\"/>
    <property name="java.version" value="17"/>
    <property name="user.dir" value="E:\GIT\Notes\JAVA\17_JSON\JSON_Object\JSONObject\jsonconverter"/>
    <property name="os.arch" value="amd64"/>
    <property name="java.vm.specification.name" value="Java Virtual Machine Specification"/>
    <property name="sun.os.patch.level" value=""/>
    <property name="native.encoding" value="Cp1252"/>
    <property name="java.library.path" value="E:\Program Files\Java\jdk-17\bin;C:\WINDOWS\Sun\Java\bin;C:\WINDOWS\system32;C:\WINDOWS;E:\Program Files\Java\jdk-17\bin;E:\Program Files\Common Files\Oracle\Java\javapath;C:\Python310\Scripts\;C:\Python310\;E:\Program Files (x86)\Common Files\Oracle\Java\javapath;C:\WINDOWS\system32;C:\WINDOWS;C:\WINDOWS\System32\Wbem;C:\WINDOWS\System32\WindowsPowerShell\v1.0\;C:\WINDOWS\System32\OpenSSH\;E:\Program Files\Git\cmd;E:\Program Files\dotnet\;E:\Program Files\Microsoft SQL Server\130\Tools\Binn\;E:\Program Files\Microsoft SQL Server\Client SDK\ODBC\170\Tools\Binn\;C:\Program Files (x86)\Microsoft SQL Server\150\Tools\Binn\;E:\Program Files\Microsoft SQL Server\150\Tools\Binn\;E:\Program Files\Microsoft SQL Server\150\DTS\Binn\;E:\Program Files\Azure Data Studio\bin;E:\Program Files\nodejs\;C:\ProgramData\chocolatey\bin;C:\Windows\Microsoft.NET\Framework\v4.0.30319;E:\Windows\Downloads\apache-maven-3.8.3-bin\apache-maven-3.8.3\bin;C:\Users\pierr\AppData\Local\Microsoft\WindowsApps;E:\Program Files\Microsoft VS Code\bin;E:\Program Files\Azure Data Studio\bin;C:\Users\pierr\AppData\Roaming\npm;E:\SDKs\Java\jdk-13.0.2_windows-x64_bin\bin;;."/>
    <property name="java.vm.info" value="mixed mode, sharing"/>
    <property name="java.vendor" value="Oracle Corporation"/>
    <property name="java.vm.version" value="17+35-LTS-2724"/>
    <property name="sun.io.unicode.encoding" value="UnicodeLittle"/>
    <property name="java.class.version" value="61.0"/>
  </properties>
  <testcase name="shouldAnswerWithTrue" classname="edu.bd.mavenapps.AppTest" time="0.002"/>
</testsuite>